[debug] [2022-04-30T00:11:08.775Z] ----------------------------------------------------------------------
[debug] [2022-04-30T00:11:08.778Z] Command:       C:\Program Files\nodejs\node.exe C:\Users\zubay\AppData\Roaming\npm\node_modules\firebase-tools\lib\bin\firebase.js init
[debug] [2022-04-30T00:11:08.778Z] CLI Version:   10.7.2
[debug] [2022-04-30T00:11:08.778Z] Platform:      win32
[debug] [2022-04-30T00:11:08.779Z] Node Version:  v16.14.2
[debug] [2022-04-30T00:11:08.779Z] Time:          Sat Apr 30 2022 06:11:08 GMT+0600 (Bangladesh Standard Time)
[debug] [2022-04-30T00:11:08.779Z] ----------------------------------------------------------------------
[debug] 
[debug] [2022-04-30T00:11:08.789Z] > command requires scopes: ["email","openid","https://www.googleapis.com/auth/cloudplatformprojects.readonly","https://www.googleapis.com/auth/firebase","https://www.googleapis.com/auth/cloud-platform"]
[debug] [2022-04-30T00:11:08.790Z] > authorizing via signed-in user (zubayer3570@gmail.com)
[info] 
     ######## #### ########  ######## ########     ###     ######  ########
     ##        ##  ##     ## ##       ##     ##  ##   ##  ##       ##
     ######    ##  ########  ######   ########  #########  ######  ######
     ##        ##  ##    ##  ##       ##     ## ##     ##       ## ##
     ##       #### ##     ## ######## ########  ##     ##  ######  ########

You're about to initialize a Firebase project in this directory:

  C:\web-development\Text\front-end\text

Before we get started, keep in mind:

  * You are currently outside your home directory

